Using pre-set license
Built from '2020.2/release' branch; Version is '2020.2.1f1 (270dd8c3da1c) revision 2559448'; Using compiler version '192528614'; Build Type 'Release'
OS: 'Windows 10  (10.0.0) 64bit' Language: 'ko' Physical Memory: 8025 MB
BatchMode: 1, IsHumanControllingUs: 0, StartBugReporterOnCrash: 0, Is64bit: 1, IsPro: 0

 COMMAND LINE ARGUMENTS:
C:\Program Files\2020.2.1f1\Editor\Unity.exe
-adb2
-batchMode
-noUpm
-name
AssetImportWorker0
-projectPath
C:/Users/PRIME#62/kinect motion
-logFile
Logs/AssetImportWorker0.log
-srvPort
63654
Successfully changed project path to: C:/Users/PRIME#62/kinect motion
C:/Users/PRIME#62/kinect motion
Using Asset Import Pipeline V2.
Refreshing native plugins compatible for Editor in 43.16 ms, found 0 plugins.
Preloading 0 native plugins for Editor in 0.00 ms.
Initialize engine version: 2020.2.1f1 (270dd8c3da1c)
[Subsystems] Discovering subsystems at path C:/Program Files/2020.2.1f1/Editor/Data/Resources/UnitySubsystems
[Subsystems] Discovering subsystems at path C:/Users/PRIME#62/kinect motion/Assets
GfxDevice: creating device client; threaded=0
Direct3D:
    Version:  Direct3D 11.0 [level 11.1]
    Renderer: Intel(R) UHD Graphics 620 (ID=0x5917)
    Vendor:   
    VRAM:     4012 MB
    Driver:   23.20.16.4849
Initialize mono
Mono path[0] = 'C:/Program Files/2020.2.1f1/Editor/Data/Managed'
Mono path[1] = 'C:/Program Files/2020.2.1f1/Editor/Data/MonoBleedingEdge/lib/mono/unityjit'
Mono config path = 'C:/Program Files/2020.2.1f1/Editor/Data/MonoBleedingEdge/etc'
Using monoOptions --debugger-agent=transport=dt_socket,embedding=1,server=y,suspend=n,address=127.0.0.1:56520
Begin MonoManager ReloadAssembly
Registering precompiled unity dll's ...
Register platform support module: C:/Program Files/2020.2.1f1/Editor/Data/PlaybackEngines/WindowsStandaloneSupport/UnityEditor.WindowsStandalone.Extensions.dll
Registered in 0.002494 seconds.
Native extension for WindowsStandalone target not found
Refreshing native plugins compatible for Editor in 25.99 ms, found 0 plugins.
Preloading 0 native plugins for Editor in 0.00 ms.
Invoked RoslynAnalysisRunner static constructor.
RoslynAnalysisRunner will not be running.
RoslynAnalysisRunner has terminated.
Mono: successfully reloaded assembly
- Completed reload, in  1.543 seconds
Platform modules already initialized, skipping
Registering precompiled user dll's ...
Registered in 0.004154 seconds.
Begin MonoManager ReloadAssembly
Native extension for WindowsStandalone target not found
Refreshing native plugins compatible for Editor in 0.36 ms, found 0 plugins.
Preloading 0 native plugins for Editor in 0.00 ms.
Invoked RoslynAnalysisRunner static constructor.
RoslynAnalysisRunner will not be running.
RoslynAnalysisRunner has terminated.
Mono: successfully reloaded assembly
- Completed reload, in  1.076 seconds
Platform modules already initialized, skipping
========================================================================
Worker process is ready to serve import requests
Launched and connected shader compiler UnityShaderCompiler.exe after 0.04 seconds
Refreshing native plugins compatible for Editor in 0.53 ms, found 0 plugins.
Preloading 0 native plugins for Editor in 0.00 ms.
Unloading 1188 Unused Serialized files (Serialized files now loaded: 0)
System memory in use before: 62.2 MB.
System memory in use after: 62.3 MB.

Unloading 16 unused Assets to reduce memory usage. Loaded Objects now: 1624.
Total: 3.711800 ms (FindLiveObjects: 0.324400 ms CreateObjectMapping: 0.120300 ms MarkObjects: 3.138200 ms  DeleteObjects: 0.126400 ms)

========================================================================
Received Import Request.
  path: Assets/AvatarsDemo/KinectAvatarsDemo1.unity
  artifactKey: Guid(4d589fa57be210d48ad7046a1af0d672) Importer(815301076,1909f56bfc062723c751e8b465ee728b)
Start importing Assets/AvatarsDemo/KinectAvatarsDemo1.unity using Guid(4d589fa57be210d48ad7046a1af0d672) Importer(815301076,1909f56bfc062723c751e8b465ee728b)  -> (artifact id: '819672264fcc16bf74ca4e61a595a8ff') in 0.025274 seconds
  Import took 0.029106 seconds .

========================================================================
Received Import Request.
  Time since last request: 4.634795 seconds.
  path: Assets/AvatarsDemo/KinectAvatarsDemo2.unity
  artifactKey: Guid(e6a9e3a2d24bf7d40ab4967eb238550e) Importer(815301076,1909f56bfc062723c751e8b465ee728b)
Start importing Assets/AvatarsDemo/KinectAvatarsDemo2.unity using Guid(e6a9e3a2d24bf7d40ab4967eb238550e) Importer(815301076,1909f56bfc062723c751e8b465ee728b)  -> (artifact id: 'f546df7d575edec8bc192bc82ba73df9') in 0.009730 seconds
  Import took 0.013989 seconds .

========================================================================
Received Import Request.
  Time since last request: 1.446155 seconds.
  path: Assets/AvatarsDemo/KinectAvatarsDemo4.unity
  artifactKey: Guid(e6603b38a4cd7b9478365939d6797939) Importer(815301076,1909f56bfc062723c751e8b465ee728b)
Start importing Assets/AvatarsDemo/KinectAvatarsDemo4.unity using Guid(e6603b38a4cd7b9478365939d6797939) Importer(815301076,1909f56bfc062723c751e8b465ee728b)  -> (artifact id: '1fac3764a0e90cee4f49abeba95e1ef0') in 0.015889 seconds
  Import took 0.019622 seconds .

========================================================================
Received Import Request.
  Time since last request: 0.001297 seconds.
  path: Assets/AvatarsDemo/KinectAvatarsDemo4.unity
  artifactKey: Guid(e6603b38a4cd7b9478365939d6797939) Importer(815301076,1909f56bfc062723c751e8b465ee728b)
Start importing Assets/AvatarsDemo/KinectAvatarsDemo4.unity using Guid(e6603b38a4cd7b9478365939d6797939) Importer(815301076,1909f56bfc062723c751e8b465ee728b)  -> (artifact id: '1fac3764a0e90cee4f49abeba95e1ef0') in 0.005757 seconds
  Import took 0.008980 seconds .

========================================================================
Received Import Request.
  Time since last request: 3.415434 seconds.
  path: Assets/AvatarsDemo/KinectAvatarsDemo3.unity
  artifactKey: Guid(b014c649c07962945a25fffdfbf455d3) Importer(815301076,1909f56bfc062723c751e8b465ee728b)
Start importing Assets/AvatarsDemo/KinectAvatarsDemo3.unity using Guid(b014c649c07962945a25fffdfbf455d3) Importer(815301076,1909f56bfc062723c751e8b465ee728b)  -> (artifact id: 'ebc1625a8a08207d1dd12e924755d6db') in 0.014235 seconds
  Import took 0.017550 seconds .

========================================================================
Received Import Request.
  Time since last request: 0.001413 seconds.
  path: Assets/AvatarsDemo/KinectAvatarsDemo3.unity
  artifactKey: Guid(b014c649c07962945a25fffdfbf455d3) Importer(815301076,1909f56bfc062723c751e8b465ee728b)
Start importing Assets/AvatarsDemo/KinectAvatarsDemo3.unity using Guid(b014c649c07962945a25fffdfbf455d3) Importer(815301076,1909f56bfc062723c751e8b465ee728b)  -> (artifact id: 'ebc1625a8a08207d1dd12e924755d6db') in 0.006042 seconds
  Import took 0.009170 seconds .

========================================================================
Received Prepare
Registering precompiled user dll's ...
Registered in 0.003321 seconds.
Begin MonoManager ReloadAssembly
Native extension for WindowsStandalone target not found
Refreshing native plugins compatible for Editor in 0.34 ms, found 0 plugins.
Preloading 0 native plugins for Editor in 0.00 ms.
Invoked RoslynAnalysisRunner static constructor.
RoslynAnalysisRunner will not be running.
RoslynAnalysisRunner has terminated.
Mono: successfully reloaded assembly
- Completed reload, in  0.937 seconds
Platform modules already initialized, skipping
Refreshing native plugins compatible for Editor in 0.56 ms, found 0 plugins.
Preloading 0 native plugins for Editor in 0.00 ms.
Unloading 1158 Unused Serialized files (Serialized files now loaded: 0)
System memory in use before: 60.4 MB.
System memory in use after: 60.5 MB.

Unloading 11 unused Assets to reduce memory usage. Loaded Objects now: 1626.
Total: 4.154100 ms (FindLiveObjects: 0.427400 ms CreateObjectMapping: 0.183000 ms MarkObjects: 3.431600 ms  DeleteObjects: 0.109400 ms)

========================================================================
Received Import Request.
  Time since last request: 47.041781 seconds.
  path: Assets/KinectScripts/Samples
  artifactKey: Guid(0fff66ca295f2ff44af7400fd887f8b5) Importer(815301076,1909f56bfc062723c751e8b465ee728b)
Start importing Assets/KinectScripts/Samples using Guid(0fff66ca295f2ff44af7400fd887f8b5) Importer(815301076,1909f56bfc062723c751e8b465ee728b)  -> (artifact id: 'fba087b68ae21578f6b9693bf4880dd9') in 0.011729 seconds
  Import took 0.016097 seconds .

========================================================================
Received Import Request.
  Time since last request: 0.005840 seconds.
  path: Assets/KinectScripts/Samples
  artifactKey: Guid(0fff66ca295f2ff44af7400fd887f8b5) Importer(815301076,1909f56bfc062723c751e8b465ee728b)
Start importing Assets/KinectScripts/Samples using Guid(0fff66ca295f2ff44af7400fd887f8b5) Importer(815301076,1909f56bfc062723c751e8b465ee728b)  -> (artifact id: 'fba087b68ae21578f6b9693bf4880dd9') in 0.003720 seconds
  Import took 0.007640 seconds .

========================================================================
Received Import Request.
  Time since last request: 1.544492 seconds.
  path: Assets/KinectScripts/Samples/SimpleGestureListener.cs
  artifactKey: Guid(71efa4381866a5a4a8e2eb39849873bc) Importer(815301076,1909f56bfc062723c751e8b465ee728b)
Start importing Assets/KinectScripts/Samples/SimpleGestureListener.cs using Guid(71efa4381866a5a4a8e2eb39849873bc) Importer(815301076,1909f56bfc062723c751e8b465ee728b)  -> (artifact id: '4969ce1d7c9b1a33dc5c2465b980b9e7') in 0.046930 seconds
  Import took 0.049893 seconds .

========================================================================
Received Import Request.
  Time since last request: 0.006869 seconds.
  path: Assets/KinectScripts/Samples/SimpleGestureListener.cs
  artifactKey: Guid(71efa4381866a5a4a8e2eb39849873bc) Importer(815301076,1909f56bfc062723c751e8b465ee728b)
Start importing Assets/KinectScripts/Samples/SimpleGestureListener.cs using Guid(71efa4381866a5a4a8e2eb39849873bc) Importer(815301076,1909f56bfc062723c751e8b465ee728b)  -> (artifact id: '4969ce1d7c9b1a33dc5c2465b980b9e7') in 0.004684 seconds
  Import took 0.008146 seconds .

========================================================================
Received Prepare
Registering precompiled user dll's ...
Registered in 0.004065 seconds.
Begin MonoManager ReloadAssembly
Native extension for WindowsStandalone target not found
Refreshing native plugins compatible for Editor in 0.26 ms, found 0 plugins.
Preloading 0 native plugins for Editor in 0.00 ms.
Invoked RoslynAnalysisRunner static constructor.
RoslynAnalysisRunner will not be running.
RoslynAnalysisRunner has terminated.
Mono: successfully reloaded assembly
- Completed reload, in  1.049 seconds
Platform modules already initialized, skipping
Refreshing native plugins compatible for Editor in 0.59 ms, found 0 plugins.
Preloading 0 native plugins for Editor in 0.00 ms.
Unloading 1158 Unused Serialized files (Serialized files now loaded: 0)
System memory in use before: 60.6 MB.
System memory in use after: 60.6 MB.

Unloading 11 unused Assets to reduce memory usage. Loaded Objects now: 1628.
Total: 3.573900 ms (FindLiveObjects: 0.301600 ms CreateObjectMapping: 0.091300 ms MarkObjects: 3.100600 ms  DeleteObjects: 0.077500 ms)

========================================================================
Received Import Request.
  Time since last request: 43.873300 seconds.
  path: Assets/KinectScripts/Samples/SimpleGestureListener.cs
  artifactKey: Guid(71efa4381866a5a4a8e2eb39849873bc) Importer(815301076,1909f56bfc062723c751e8b465ee728b)
Start importing Assets/KinectScripts/Samples/SimpleGestureListener.cs using Guid(71efa4381866a5a4a8e2eb39849873bc) Importer(815301076,1909f56bfc062723c751e8b465ee728b)  -> (artifact id: '2d033154ad244c0474a405ca1af209ff') in 0.009824 seconds
  Import took 0.014188 seconds .

========================================================================
Received Prepare
Registering precompiled user dll's ...
Registered in 0.003016 seconds.
Begin MonoManager ReloadAssembly
Native extension for WindowsStandalone target not found
Refreshing native plugins compatible for Editor in 0.29 ms, found 0 plugins.
Preloading 0 native plugins for Editor in 0.00 ms.
Invoked RoslynAnalysisRunner static constructor.
RoslynAnalysisRunner will not be running.
RoslynAnalysisRunner has terminated.
Mono: successfully reloaded assembly
- Completed reload, in  0.885 seconds
Platform modules already initialized, skipping
Refreshing native plugins compatible for Editor in 0.72 ms, found 0 plugins.
Preloading 0 native plugins for Editor in 0.00 ms.
Unloading 1158 Unused Serialized files (Serialized files now loaded: 0)
System memory in use before: 60.7 MB.
System memory in use after: 60.8 MB.

Unloading 11 unused Assets to reduce memory usage. Loaded Objects now: 1630.
Total: 4.032400 ms (FindLiveObjects: 0.665900 ms CreateObjectMapping: 0.162000 ms MarkObjects: 3.115500 ms  DeleteObjects: 0.086600 ms)

========================================================================
Received Prepare
Registering precompiled user dll's ...
Registered in 0.003538 seconds.
Begin MonoManager ReloadAssembly
Native extension for WindowsStandalone target not found
Refreshing native plugins compatible for Editor in 0.34 ms, found 0 plugins.
Preloading 0 native plugins for Editor in 0.00 ms.
Invoked RoslynAnalysisRunner static constructor.
RoslynAnalysisRunner will not be running.
RoslynAnalysisRunner has terminated.
Mono: successfully reloaded assembly
- Completed reload, in  1.090 seconds
Platform modules already initialized, skipping
Refreshing native plugins compatible for Editor in 0.66 ms, found 0 plugins.
Preloading 0 native plugins for Editor in 0.00 ms.
Unloading 1158 Unused Serialized files (Serialized files now loaded: 0)
System memory in use before: 60.9 MB.
System memory in use after: 61.0 MB.

Unloading 11 unused Assets to reduce memory usage. Loaded Objects now: 1632.
Total: 3.908400 ms (FindLiveObjects: 0.389600 ms CreateObjectMapping: 0.153200 ms MarkObjects: 3.268300 ms  DeleteObjects: 0.095000 ms)

AssetImportWorkerClient::OnTransportError - code=2 error=End of file
